2024-02-13 12:35:32,136:WARNING:
'cuml' is a soft dependency and not included in the pycaret installation. Please run: `pip install cuml` to install.
2024-02-13 12:35:32,136:WARNING:
'cuml' is a soft dependency and not included in the pycaret installation. Please run: `pip install cuml` to install.
2024-02-13 12:35:32,136:WARNING:
'cuml' is a soft dependency and not included in the pycaret installation. Please run: `pip install cuml` to install.
2024-02-13 12:35:32,136:WARNING:
'cuml' is a soft dependency and not included in the pycaret installation. Please run: `pip install cuml` to install.
2024-02-13 12:35:33,603:INFO:PyCaret RegressionExperiment
2024-02-13 12:35:33,606:INFO:Logging name: reg-default-name
2024-02-13 12:35:33,606:INFO:ML Usecase: MLUsecase.REGRESSION
2024-02-13 12:35:33,606:INFO:version 3.2.0
2024-02-13 12:35:33,606:INFO:Initializing setup()
2024-02-13 12:35:33,607:INFO:self.USI: 0726
2024-02-13 12:35:33,607:INFO:self._variable_keys: {'X_test', 'data', 'fold_groups_param', 'fold_generator', 'gpu_param', 'X', 'log_plots_param', 'transform_target_param', 'n_jobs_param', 'gpu_n_jobs_param', 'X_train', 'html_param', 'idx', 'exp_name_log', 'y', 'pipeline', 'logging_param', '_available_plots', 'USI', 'memory', 'seed', 'target_param', 'exp_id', 'y_train', '_ml_usecase', 'fold_shuffle_param', 'y_test'}
2024-02-13 12:35:33,607:INFO:Checking environment
2024-02-13 12:35:33,607:INFO:python_version: 3.11.5
2024-02-13 12:35:33,607:INFO:python_build: ('main', 'Sep 11 2023 13:26:23')
2024-02-13 12:35:33,607:INFO:machine: AMD64
2024-02-13 12:35:33,607:INFO:platform: Windows-10-10.0.22631-SP0
2024-02-13 12:35:33,607:INFO:Memory: svmem(total=6280372224, available=426831872, percent=93.2, used=5853540352, free=426831872)
2024-02-13 12:35:33,607:INFO:Physical Core: 4
2024-02-13 12:35:33,607:INFO:Logical Core: 8
2024-02-13 12:35:33,607:INFO:Checking libraries
2024-02-13 12:35:33,608:INFO:System:
2024-02-13 12:35:33,608:INFO:    python: 3.11.5 | packaged by Anaconda, Inc. | (main, Sep 11 2023, 13:26:23) [MSC v.1916 64 bit (AMD64)]
2024-02-13 12:35:33,608:INFO:executable: C:\Users\lily\anaconda3\python.exe
2024-02-13 12:35:33,608:INFO:   machine: Windows-10-10.0.22631-SP0
2024-02-13 12:35:33,608:INFO:PyCaret required dependencies:
2024-02-13 12:35:36,412:INFO:                 pip: 23.3.1
2024-02-13 12:35:36,412:INFO:          setuptools: 68.0.0
2024-02-13 12:35:36,412:INFO:             pycaret: 3.2.0
2024-02-13 12:35:36,412:INFO:             IPython: 8.15.0
2024-02-13 12:35:36,412:INFO:          ipywidgets: 8.0.4
2024-02-13 12:35:36,412:INFO:                tqdm: 4.65.0
2024-02-13 12:35:36,412:INFO:               numpy: 1.25.2
2024-02-13 12:35:36,412:INFO:              pandas: 2.0.0
2024-02-13 12:35:36,412:INFO:              jinja2: 3.1.2
2024-02-13 12:35:36,412:INFO:               scipy: 1.11.4
2024-02-13 12:35:36,412:INFO:              joblib: 1.3.2
2024-02-13 12:35:36,412:INFO:             sklearn: 1.3.2
2024-02-13 12:35:36,412:INFO:                pyod: 1.1.2
2024-02-13 12:35:36,412:INFO:            imblearn: 0.11.0
2024-02-13 12:35:36,412:INFO:   category_encoders: 2.6.3
2024-02-13 12:35:36,412:INFO:            lightgbm: 4.1.0
2024-02-13 12:35:36,412:INFO:               numba: 0.58.0
2024-02-13 12:35:36,412:INFO:            requests: 2.31.0
2024-02-13 12:35:36,412:INFO:          matplotlib: 3.8.0
2024-02-13 12:35:36,412:INFO:          scikitplot: 0.3.7
2024-02-13 12:35:36,412:INFO:         yellowbrick: 1.5
2024-02-13 12:35:36,412:INFO:              plotly: 5.9.0
2024-02-13 12:35:36,412:INFO:    plotly-resampler: Not installed
2024-02-13 12:35:36,412:INFO:             kaleido: 0.2.1
2024-02-13 12:35:36,412:INFO:           schemdraw: 0.15
2024-02-13 12:35:36,412:INFO:         statsmodels: 0.14.1
2024-02-13 12:35:36,412:INFO:              sktime: 0.21.1
2024-02-13 12:35:36,412:INFO:               tbats: 1.1.3
2024-02-13 12:35:36,412:INFO:            pmdarima: 2.0.4
2024-02-13 12:35:36,412:INFO:              psutil: 5.9.0
2024-02-13 12:35:36,412:INFO:          markupsafe: 2.1.1
2024-02-13 12:35:36,412:INFO:             pickle5: Not installed
2024-02-13 12:35:36,412:INFO:         cloudpickle: 2.2.1
2024-02-13 12:35:36,412:INFO:         deprecation: 2.1.0
2024-02-13 12:35:36,412:INFO:              xxhash: 2.0.2
2024-02-13 12:35:36,412:INFO:           wurlitzer: Not installed
2024-02-13 12:35:36,412:INFO:PyCaret optional dependencies:
2024-02-13 12:35:36,440:INFO:                shap: Not installed
2024-02-13 12:35:36,440:INFO:           interpret: Not installed
2024-02-13 12:35:36,440:INFO:                umap: Not installed
2024-02-13 12:35:36,440:INFO:     ydata_profiling: Not installed
2024-02-13 12:35:36,440:INFO:  explainerdashboard: Not installed
2024-02-13 12:35:36,440:INFO:             autoviz: Not installed
2024-02-13 12:35:36,440:INFO:           fairlearn: Not installed
2024-02-13 12:35:36,440:INFO:          deepchecks: Not installed
2024-02-13 12:35:36,440:INFO:             xgboost: 2.0.2
2024-02-13 12:35:36,440:INFO:            catboost: 1.2.2
2024-02-13 12:35:36,440:INFO:              kmodes: Not installed
2024-02-13 12:35:36,440:INFO:             mlxtend: Not installed
2024-02-13 12:35:36,440:INFO:       statsforecast: Not installed
2024-02-13 12:35:36,440:INFO:        tune_sklearn: Not installed
2024-02-13 12:35:36,440:INFO:                 ray: Not installed
2024-02-13 12:35:36,440:INFO:            hyperopt: Not installed
2024-02-13 12:35:36,440:INFO:              optuna: Not installed
2024-02-13 12:35:36,440:INFO:               skopt: Not installed
2024-02-13 12:35:36,440:INFO:              mlflow: Not installed
2024-02-13 12:35:36,440:INFO:              gradio: Not installed
2024-02-13 12:35:36,440:INFO:             fastapi: Not installed
2024-02-13 12:35:36,440:INFO:             uvicorn: Not installed
2024-02-13 12:35:36,440:INFO:              m2cgen: Not installed
2024-02-13 12:35:36,440:INFO:           evidently: Not installed
2024-02-13 12:35:36,440:INFO:               fugue: Not installed
2024-02-13 12:35:36,440:INFO:           streamlit: 1.16.0
2024-02-13 12:35:36,440:INFO:             prophet: Not installed
2024-02-13 12:35:36,440:INFO:None
2024-02-13 12:35:36,440:INFO:Set up data.
2024-02-13 12:35:36,440:INFO:Set up folding strategy.
2024-02-13 12:35:36,440:INFO:Set up train/test split.
2024-02-13 12:35:36,457:INFO:Set up index.
2024-02-13 12:35:36,457:INFO:Assigning column types.
2024-02-13 12:35:36,457:INFO:Engine successfully changes for model 'lr' to 'sklearn'.
2024-02-13 12:35:36,457:INFO:Engine for model 'lasso' has not been set explicitly, hence returning None.
2024-02-13 12:35:36,457:INFO:Engine for model 'ridge' has not been set explicitly, hence returning None.
2024-02-13 12:35:36,472:INFO:Engine for model 'en' has not been set explicitly, hence returning None.
2024-02-13 12:35:36,563:INFO:Engine for model 'svm' has not been set explicitly, hence returning None.
2024-02-13 12:35:36,629:INFO:Engine for model 'knn' has not been set explicitly, hence returning None.
2024-02-13 12:35:36,629:INFO:Soft dependency imported: xgboost: 2.0.2
2024-02-13 12:35:36,629:INFO:Soft dependency imported: catboost: 1.2.2
2024-02-13 12:35:36,629:INFO:Engine for model 'lasso' has not been set explicitly, hence returning None.
2024-02-13 12:35:36,629:INFO:Engine for model 'ridge' has not been set explicitly, hence returning None.
2024-02-13 12:35:36,645:INFO:Engine for model 'en' has not been set explicitly, hence returning None.
2024-02-13 12:35:36,723:INFO:Engine for model 'svm' has not been set explicitly, hence returning None.
2024-02-13 12:35:36,786:INFO:Engine for model 'knn' has not been set explicitly, hence returning None.
2024-02-13 12:35:36,786:INFO:Soft dependency imported: xgboost: 2.0.2
2024-02-13 12:35:36,795:INFO:Soft dependency imported: catboost: 1.2.2
2024-02-13 12:35:36,795:INFO:Engine successfully changes for model 'lasso' to 'sklearn'.
2024-02-13 12:35:36,802:INFO:Engine for model 'ridge' has not been set explicitly, hence returning None.
2024-02-13 12:35:36,802:INFO:Engine for model 'en' has not been set explicitly, hence returning None.
2024-02-13 12:35:36,880:INFO:Engine for model 'svm' has not been set explicitly, hence returning None.
2024-02-13 12:35:36,943:INFO:Engine for model 'knn' has not been set explicitly, hence returning None.
2024-02-13 12:35:36,943:INFO:Soft dependency imported: xgboost: 2.0.2
2024-02-13 12:35:36,943:INFO:Soft dependency imported: catboost: 1.2.2
2024-02-13 12:35:36,959:INFO:Engine for model 'ridge' has not been set explicitly, hence returning None.
2024-02-13 12:35:36,959:INFO:Engine for model 'en' has not been set explicitly, hence returning None.
2024-02-13 12:35:37,037:INFO:Engine for model 'svm' has not been set explicitly, hence returning None.
2024-02-13 12:35:37,118:INFO:Engine for model 'knn' has not been set explicitly, hence returning None.
2024-02-13 12:35:37,118:INFO:Soft dependency imported: xgboost: 2.0.2
2024-02-13 12:35:37,118:INFO:Soft dependency imported: catboost: 1.2.2
2024-02-13 12:35:37,118:INFO:Engine successfully changes for model 'ridge' to 'sklearn'.
2024-02-13 12:35:37,132:INFO:Engine for model 'en' has not been set explicitly, hence returning None.
2024-02-13 12:35:37,212:INFO:Engine for model 'svm' has not been set explicitly, hence returning None.
2024-02-13 12:35:37,273:INFO:Engine for model 'knn' has not been set explicitly, hence returning None.
2024-02-13 12:35:37,273:INFO:Soft dependency imported: xgboost: 2.0.2
2024-02-13 12:35:37,289:INFO:Soft dependency imported: catboost: 1.2.2
2024-02-13 12:35:37,296:INFO:Engine for model 'en' has not been set explicitly, hence returning None.
2024-02-13 12:35:37,385:INFO:Engine for model 'svm' has not been set explicitly, hence returning None.
2024-02-13 12:35:37,447:INFO:Engine for model 'knn' has not been set explicitly, hence returning None.
2024-02-13 12:35:37,447:INFO:Soft dependency imported: xgboost: 2.0.2
2024-02-13 12:35:37,447:INFO:Soft dependency imported: catboost: 1.2.2
2024-02-13 12:35:37,447:INFO:Engine successfully changes for model 'en' to 'sklearn'.
2024-02-13 12:35:37,573:INFO:Engine for model 'svm' has not been set explicitly, hence returning None.
2024-02-13 12:35:37,636:INFO:Engine for model 'knn' has not been set explicitly, hence returning None.
2024-02-13 12:35:37,636:INFO:Soft dependency imported: xgboost: 2.0.2
2024-02-13 12:35:37,636:INFO:Soft dependency imported: catboost: 1.2.2
2024-02-13 12:35:37,730:INFO:Engine for model 'svm' has not been set explicitly, hence returning None.
2024-02-13 12:35:37,796:INFO:Engine for model 'knn' has not been set explicitly, hence returning None.
2024-02-13 12:35:37,796:INFO:Soft dependency imported: xgboost: 2.0.2
2024-02-13 12:35:37,796:INFO:Soft dependency imported: catboost: 1.2.2
2024-02-13 12:35:37,796:INFO:Engine successfully changes for model 'knn' to 'sklearn'.
2024-02-13 12:35:37,897:INFO:Engine for model 'svm' has not been set explicitly, hence returning None.
2024-02-13 12:35:37,950:INFO:Soft dependency imported: xgboost: 2.0.2
2024-02-13 12:35:37,950:INFO:Soft dependency imported: catboost: 1.2.2
2024-02-13 12:35:38,044:INFO:Engine for model 'svm' has not been set explicitly, hence returning None.
2024-02-13 12:35:38,109:INFO:Soft dependency imported: xgboost: 2.0.2
2024-02-13 12:35:38,109:INFO:Soft dependency imported: catboost: 1.2.2
2024-02-13 12:35:38,109:INFO:Engine successfully changes for model 'svm' to 'sklearn'.
2024-02-13 12:35:38,264:INFO:Soft dependency imported: xgboost: 2.0.2
2024-02-13 12:35:38,279:INFO:Soft dependency imported: catboost: 1.2.2
2024-02-13 12:35:38,405:INFO:Soft dependency imported: xgboost: 2.0.2
2024-02-13 12:35:38,405:INFO:Soft dependency imported: catboost: 1.2.2
2024-02-13 12:35:38,426:INFO:Preparing preprocessing pipeline...
2024-02-13 12:35:38,426:INFO:Set up simple imputation.
2024-02-13 12:35:38,453:INFO:Finished creating preprocessing pipeline.
2024-02-13 12:35:38,453:INFO:Pipeline: Pipeline(memory=FastMemory(location=C:\Users\lily\AppData\Local\Temp\joblib),
         steps=[('numerical_imputer',
                 TransformerWrapper(include=['TotalSteps', 'Heart_beat',
                                             'TotalHoursAsleep'],
                                    transformer=SimpleImputer())),
                ('categorical_imputer',
                 TransformerWrapper(include=[],
                                    transformer=SimpleImputer(strategy='most_frequent')))])
2024-02-13 12:35:38,453:INFO:Creating final display dataframe.
2024-02-13 12:35:38,532:INFO:Setup _display_container:                     Description             Value
0                    Session id              1555
1                        Target          Calories
2                   Target type        Regression
3           Original data shape          (940, 6)
4        Transformed data shape          (940, 6)
5   Transformed train set shape          (658, 6)
6    Transformed test set shape          (282, 6)
7              Numeric features                 3
8      Rows with missing values             80.7%
9                    Preprocess              True
10              Imputation type            simple
11           Numeric imputation              mean
12       Categorical imputation              mode
13               Fold Generator             KFold
14                  Fold Number                10
15                     CPU Jobs                -1
16                      Use GPU             False
17               Log Experiment             False
18              Experiment Name  reg-default-name
19                          USI              0726
2024-02-13 12:35:38,698:INFO:Soft dependency imported: xgboost: 2.0.2
2024-02-13 12:35:38,708:INFO:Soft dependency imported: catboost: 1.2.2
2024-02-13 12:35:38,828:INFO:Soft dependency imported: xgboost: 2.0.2
2024-02-13 12:35:38,828:INFO:Soft dependency imported: catboost: 1.2.2
2024-02-13 12:35:38,828:INFO:setup() successfully completed in 5.23s...............
2024-02-13 12:35:38,840:INFO:Initializing compare_models()
2024-02-13 12:35:38,840:INFO:compare_models(self=<pycaret.regression.oop.RegressionExperiment object at 0x00000239D2ED01D0>, include=None, exclude=None, fold=None, round=4, cross_validation=True, sort=R2, n_select=1, budget_time=None, turbo=True, errors=ignore, fit_kwargs=None, groups=None, experiment_custom_tags=None, probability_threshold=None, verbose=True, parallel=None, caller_params={'self': <pycaret.regression.oop.RegressionExperiment object at 0x00000239D2ED01D0>, 'include': None, 'exclude': None, 'fold': None, 'round': 4, 'cross_validation': True, 'sort': 'R2', 'n_select': 1, 'budget_time': None, 'turbo': True, 'errors': 'ignore', 'fit_kwargs': None, 'groups': None, 'experiment_custom_tags': None, 'engine': None, 'verbose': True, 'parallel': None, '__class__': <class 'pycaret.regression.oop.RegressionExperiment'>})
2024-02-13 12:35:38,840:INFO:Checking exceptions
2024-02-13 12:35:38,840:INFO:Preparing display monitor
2024-02-13 12:35:38,879:INFO:Initializing Linear Regression
2024-02-13 12:35:38,879:INFO:Total runtime is 0.0 minutes
2024-02-13 12:35:38,885:INFO:SubProcess create_model() called ==================================
2024-02-13 12:35:38,885:INFO:Initializing create_model()
2024-02-13 12:35:38,885:INFO:create_model(self=<pycaret.regression.oop.RegressionExperiment object at 0x00000239D2ED01D0>, estimator=lr, fold=KFold(n_splits=10, random_state=None, shuffle=False), round=4, cross_validation=True, predict=True, fit_kwargs={}, groups=None, refit=False, probability_threshold=None, experiment_custom_tags=None, verbose=False, system=False, add_to_model_list=True, metrics=None, display=<pycaret.internal.display.display.CommonDisplay object at 0x00000239E20D8350>, model_only=True, return_train_score=False, error_score=0.0, kwargs={})
2024-02-13 12:35:38,885:INFO:Checking exceptions
2024-02-13 12:35:38,885:INFO:Importing libraries
2024-02-13 12:35:38,885:INFO:Copying training dataset
2024-02-13 12:35:38,888:INFO:Defining folds
2024-02-13 12:35:38,888:INFO:Declaring metric variables
2024-02-13 12:35:38,893:INFO:Importing untrained model
2024-02-13 12:35:38,898:INFO:Linear Regression Imported successfully
2024-02-13 12:35:38,906:INFO:Starting cross validation
2024-02-13 12:35:38,922:INFO:Cross validating with KFold(n_splits=10, random_state=None, shuffle=False), n_jobs=-1
2024-02-13 12:35:47,587:INFO:Calculating mean and std
2024-02-13 12:35:47,594:INFO:Creating metrics dataframe
2024-02-13 12:35:47,597:INFO:Uploading results into container
2024-02-13 12:35:47,597:INFO:Uploading model into container now
2024-02-13 12:35:47,597:INFO:_master_model_container: 1
2024-02-13 12:35:47,598:INFO:_display_container: 2
2024-02-13 12:35:47,598:INFO:LinearRegression(n_jobs=-1)
2024-02-13 12:35:47,598:INFO:create_model() successfully completed......................................
2024-02-13 12:35:47,795:INFO:SubProcess create_model() end ==================================
2024-02-13 12:35:47,795:INFO:Creating metrics dataframe
2024-02-13 12:35:47,807:INFO:Initializing Lasso Regression
2024-02-13 12:35:47,807:INFO:Total runtime is 0.148809556166331 minutes
2024-02-13 12:35:47,814:INFO:SubProcess create_model() called ==================================
2024-02-13 12:35:47,815:INFO:Initializing create_model()
2024-02-13 12:35:47,815:INFO:create_model(self=<pycaret.regression.oop.RegressionExperiment object at 0x00000239D2ED01D0>, estimator=lasso, fold=KFold(n_splits=10, random_state=None, shuffle=False), round=4, cross_validation=True, predict=True, fit_kwargs={}, groups=None, refit=False, probability_threshold=None, experiment_custom_tags=None, verbose=False, system=False, add_to_model_list=True, metrics=None, display=<pycaret.internal.display.display.CommonDisplay object at 0x00000239E20D8350>, model_only=True, return_train_score=False, error_score=0.0, kwargs={})
2024-02-13 12:35:47,815:INFO:Checking exceptions
2024-02-13 12:35:47,815:INFO:Importing libraries
2024-02-13 12:35:47,815:INFO:Copying training dataset
2024-02-13 12:35:47,820:INFO:Defining folds
2024-02-13 12:35:47,820:INFO:Declaring metric variables
2024-02-13 12:35:47,822:INFO:Importing untrained model
2024-02-13 12:35:47,830:INFO:Lasso Regression Imported successfully
2024-02-13 12:35:47,830:INFO:Starting cross validation
2024-02-13 12:35:47,839:INFO:Cross validating with KFold(n_splits=10, random_state=None, shuffle=False), n_jobs=-1
2024-02-13 12:35:47,938:INFO:Calculating mean and std
2024-02-13 12:35:47,940:INFO:Creating metrics dataframe
2024-02-13 12:35:47,942:INFO:Uploading results into container
2024-02-13 12:35:47,943:INFO:Uploading model into container now
2024-02-13 12:35:47,943:INFO:_master_model_container: 2
2024-02-13 12:35:47,943:INFO:_display_container: 2
2024-02-13 12:35:47,943:INFO:Lasso(random_state=1555)
2024-02-13 12:35:47,943:INFO:create_model() successfully completed......................................
2024-02-13 12:35:48,141:INFO:SubProcess create_model() end ==================================
2024-02-13 12:35:48,141:INFO:Creating metrics dataframe
2024-02-13 12:35:48,150:INFO:Initializing Ridge Regression
2024-02-13 12:35:48,150:INFO:Total runtime is 0.15451929171880088 minutes
2024-02-13 12:35:48,155:INFO:SubProcess create_model() called ==================================
2024-02-13 12:35:48,155:INFO:Initializing create_model()
2024-02-13 12:35:48,155:INFO:create_model(self=<pycaret.regression.oop.RegressionExperiment object at 0x00000239D2ED01D0>, estimator=ridge, fold=KFold(n_splits=10, random_state=None, shuffle=False), round=4, cross_validation=True, predict=True, fit_kwargs={}, groups=None, refit=False, probability_threshold=None, experiment_custom_tags=None, verbose=False, system=False, add_to_model_list=True, metrics=None, display=<pycaret.internal.display.display.CommonDisplay object at 0x00000239E20D8350>, model_only=True, return_train_score=False, error_score=0.0, kwargs={})
2024-02-13 12:35:48,155:INFO:Checking exceptions
2024-02-13 12:35:48,155:INFO:Importing libraries
2024-02-13 12:35:48,155:INFO:Copying training dataset
2024-02-13 12:35:48,160:INFO:Defining folds
2024-02-13 12:35:48,160:INFO:Declaring metric variables
2024-02-13 12:35:48,166:INFO:Importing untrained model
2024-02-13 12:35:48,166:INFO:Ridge Regression Imported successfully
2024-02-13 12:35:48,175:INFO:Starting cross validation
2024-02-13 12:35:48,175:INFO:Cross validating with KFold(n_splits=10, random_state=None, shuffle=False), n_jobs=-1
2024-02-13 12:35:48,291:INFO:Calculating mean and std
2024-02-13 12:35:48,293:INFO:Creating metrics dataframe
2024-02-13 12:35:48,296:INFO:Uploading results into container
2024-02-13 12:35:48,296:INFO:Uploading model into container now
2024-02-13 12:35:48,296:INFO:_master_model_container: 3
2024-02-13 12:35:48,296:INFO:_display_container: 2
2024-02-13 12:35:48,297:INFO:Ridge(random_state=1555)
2024-02-13 12:35:48,297:INFO:create_model() successfully completed......................................
2024-02-13 12:35:48,495:INFO:SubProcess create_model() end ==================================
2024-02-13 12:35:48,495:INFO:Creating metrics dataframe
2024-02-13 12:35:48,504:INFO:Initializing Elastic Net
2024-02-13 12:35:48,505:INFO:Total runtime is 0.16044259866078697 minutes
2024-02-13 12:35:48,508:INFO:SubProcess create_model() called ==================================
2024-02-13 12:35:48,508:INFO:Initializing create_model()
2024-02-13 12:35:48,508:INFO:create_model(self=<pycaret.regression.oop.RegressionExperiment object at 0x00000239D2ED01D0>, estimator=en, fold=KFold(n_splits=10, random_state=None, shuffle=False), round=4, cross_validation=True, predict=True, fit_kwargs={}, groups=None, refit=False, probability_threshold=None, experiment_custom_tags=None, verbose=False, system=False, add_to_model_list=True, metrics=None, display=<pycaret.internal.display.display.CommonDisplay object at 0x00000239E20D8350>, model_only=True, return_train_score=False, error_score=0.0, kwargs={})
2024-02-13 12:35:48,508:INFO:Checking exceptions
2024-02-13 12:35:48,508:INFO:Importing libraries
2024-02-13 12:35:48,508:INFO:Copying training dataset
2024-02-13 12:35:48,512:INFO:Defining folds
2024-02-13 12:35:48,512:INFO:Declaring metric variables
2024-02-13 12:35:48,519:INFO:Importing untrained model
2024-02-13 12:35:48,524:INFO:Elastic Net Imported successfully
2024-02-13 12:35:48,531:INFO:Starting cross validation
2024-02-13 12:35:48,531:INFO:Cross validating with KFold(n_splits=10, random_state=None, shuffle=False), n_jobs=-1
2024-02-13 12:35:48,636:INFO:Calculating mean and std
2024-02-13 12:35:48,639:INFO:Creating metrics dataframe
2024-02-13 12:35:48,640:INFO:Uploading results into container
2024-02-13 12:35:48,640:INFO:Uploading model into container now
2024-02-13 12:35:48,656:INFO:_master_model_container: 4
2024-02-13 12:35:48,656:INFO:_display_container: 2
2024-02-13 12:35:48,656:INFO:ElasticNet(random_state=1555)
2024-02-13 12:35:48,656:INFO:create_model() successfully completed......................................
2024-02-13 12:35:48,880:INFO:SubProcess create_model() end ==================================
2024-02-13 12:35:48,880:INFO:Creating metrics dataframe
2024-02-13 12:35:48,889:INFO:Initializing Least Angle Regression
2024-02-13 12:35:48,889:INFO:Total runtime is 0.16683152914047245 minutes
2024-02-13 12:35:48,897:INFO:SubProcess create_model() called ==================================
2024-02-13 12:35:48,897:INFO:Initializing create_model()
2024-02-13 12:35:48,897:INFO:create_model(self=<pycaret.regression.oop.RegressionExperiment object at 0x00000239D2ED01D0>, estimator=lar, fold=KFold(n_splits=10, random_state=None, shuffle=False), round=4, cross_validation=True, predict=True, fit_kwargs={}, groups=None, refit=False, probability_threshold=None, experiment_custom_tags=None, verbose=False, system=False, add_to_model_list=True, metrics=None, display=<pycaret.internal.display.display.CommonDisplay object at 0x00000239E20D8350>, model_only=True, return_train_score=False, error_score=0.0, kwargs={})
2024-02-13 12:35:48,897:INFO:Checking exceptions
2024-02-13 12:35:48,897:INFO:Importing libraries
2024-02-13 12:35:48,897:INFO:Copying training dataset
2024-02-13 12:35:48,905:INFO:Defining folds
2024-02-13 12:35:48,905:INFO:Declaring metric variables
2024-02-13 12:35:48,911:INFO:Importing untrained model
2024-02-13 12:35:48,916:INFO:Least Angle Regression Imported successfully
2024-02-13 12:35:48,922:INFO:Starting cross validation
2024-02-13 12:35:48,922:INFO:Cross validating with KFold(n_splits=10, random_state=None, shuffle=False), n_jobs=-1
2024-02-13 12:35:49,035:INFO:Calculating mean and std
2024-02-13 12:35:49,037:INFO:Creating metrics dataframe
2024-02-13 12:35:49,039:INFO:Uploading results into container
2024-02-13 12:35:49,039:INFO:Uploading model into container now
2024-02-13 12:35:49,039:INFO:_master_model_container: 5
2024-02-13 12:35:49,039:INFO:_display_container: 2
2024-02-13 12:35:49,041:INFO:Lars(random_state=1555)
2024-02-13 12:35:49,041:INFO:create_model() successfully completed......................................
2024-02-13 12:35:49,243:INFO:SubProcess create_model() end ==================================
2024-02-13 12:35:49,244:INFO:Creating metrics dataframe
2024-02-13 12:35:49,252:INFO:Initializing Lasso Least Angle Regression
2024-02-13 12:35:49,252:INFO:Total runtime is 0.17288855711619064 minutes
2024-02-13 12:35:49,257:INFO:SubProcess create_model() called ==================================
2024-02-13 12:35:49,257:INFO:Initializing create_model()
2024-02-13 12:35:49,257:INFO:create_model(self=<pycaret.regression.oop.RegressionExperiment object at 0x00000239D2ED01D0>, estimator=llar, fold=KFold(n_splits=10, random_state=None, shuffle=False), round=4, cross_validation=True, predict=True, fit_kwargs={}, groups=None, refit=False, probability_threshold=None, experiment_custom_tags=None, verbose=False, system=False, add_to_model_list=True, metrics=None, display=<pycaret.internal.display.display.CommonDisplay object at 0x00000239E20D8350>, model_only=True, return_train_score=False, error_score=0.0, kwargs={})
2024-02-13 12:35:49,257:INFO:Checking exceptions
2024-02-13 12:35:49,257:INFO:Importing libraries
2024-02-13 12:35:49,257:INFO:Copying training dataset
2024-02-13 12:35:49,260:INFO:Defining folds
2024-02-13 12:35:49,260:INFO:Declaring metric variables
2024-02-13 12:35:49,269:INFO:Importing untrained model
2024-02-13 12:35:49,272:INFO:Lasso Least Angle Regression Imported successfully
2024-02-13 12:35:49,277:INFO:Starting cross validation
2024-02-13 12:35:49,277:INFO:Cross validating with KFold(n_splits=10, random_state=None, shuffle=False), n_jobs=-1
2024-02-13 12:35:49,397:INFO:Calculating mean and std
2024-02-13 12:35:49,397:INFO:Creating metrics dataframe
2024-02-13 12:35:49,409:INFO:Uploading results into container
2024-02-13 12:35:49,410:INFO:Uploading model into container now
2024-02-13 12:35:49,410:INFO:_master_model_container: 6
2024-02-13 12:35:49,410:INFO:_display_container: 2
2024-02-13 12:35:49,410:INFO:LassoLars(random_state=1555)
2024-02-13 12:35:49,410:INFO:create_model() successfully completed......................................
2024-02-13 12:35:49,609:INFO:SubProcess create_model() end ==================================
2024-02-13 12:35:49,609:INFO:Creating metrics dataframe
2024-02-13 12:35:49,609:INFO:Initializing Orthogonal Matching Pursuit
2024-02-13 12:35:49,620:INFO:Total runtime is 0.17902537584304815 minutes
2024-02-13 12:35:49,621:INFO:SubProcess create_model() called ==================================
2024-02-13 12:35:49,621:INFO:Initializing create_model()
2024-02-13 12:35:49,621:INFO:create_model(self=<pycaret.regression.oop.RegressionExperiment object at 0x00000239D2ED01D0>, estimator=omp, fold=KFold(n_splits=10, random_state=None, shuffle=False), round=4, cross_validation=True, predict=True, fit_kwargs={}, groups=None, refit=False, probability_threshold=None, experiment_custom_tags=None, verbose=False, system=False, add_to_model_list=True, metrics=None, display=<pycaret.internal.display.display.CommonDisplay object at 0x00000239E20D8350>, model_only=True, return_train_score=False, error_score=0.0, kwargs={})
2024-02-13 12:35:49,621:INFO:Checking exceptions
2024-02-13 12:35:49,621:INFO:Importing libraries
2024-02-13 12:35:49,621:INFO:Copying training dataset
2024-02-13 12:35:49,629:INFO:Defining folds
2024-02-13 12:35:49,629:INFO:Declaring metric variables
2024-02-13 12:35:49,634:INFO:Importing untrained model
2024-02-13 12:35:49,637:INFO:Orthogonal Matching Pursuit Imported successfully
2024-02-13 12:35:49,644:INFO:Starting cross validation
2024-02-13 12:35:49,646:INFO:Cross validating with KFold(n_splits=10, random_state=None, shuffle=False), n_jobs=-1
2024-02-13 12:35:49,755:INFO:Calculating mean and std
2024-02-13 12:35:49,757:INFO:Creating metrics dataframe
2024-02-13 12:35:49,757:INFO:Uploading results into container
2024-02-13 12:35:49,757:INFO:Uploading model into container now
2024-02-13 12:35:49,757:INFO:_master_model_container: 7
2024-02-13 12:35:49,757:INFO:_display_container: 2
2024-02-13 12:35:49,761:INFO:OrthogonalMatchingPursuit()
2024-02-13 12:35:49,761:INFO:create_model() successfully completed......................................
2024-02-13 12:35:49,977:INFO:SubProcess create_model() end ==================================
2024-02-13 12:35:49,977:INFO:Creating metrics dataframe
2024-02-13 12:35:49,995:INFO:Initializing Bayesian Ridge
2024-02-13 12:35:49,999:INFO:Total runtime is 0.18533808390299483 minutes
2024-02-13 12:35:50,004:INFO:SubProcess create_model() called ==================================
2024-02-13 12:35:50,004:INFO:Initializing create_model()
2024-02-13 12:35:50,004:INFO:create_model(self=<pycaret.regression.oop.RegressionExperiment object at 0x00000239D2ED01D0>, estimator=br, fold=KFold(n_splits=10, random_state=None, shuffle=False), round=4, cross_validation=True, predict=True, fit_kwargs={}, groups=None, refit=False, probability_threshold=None, experiment_custom_tags=None, verbose=False, system=False, add_to_model_list=True, metrics=None, display=<pycaret.internal.display.display.CommonDisplay object at 0x00000239E20D8350>, model_only=True, return_train_score=False, error_score=0.0, kwargs={})
2024-02-13 12:35:50,004:INFO:Checking exceptions
2024-02-13 12:35:50,004:INFO:Importing libraries
2024-02-13 12:35:50,004:INFO:Copying training dataset
2024-02-13 12:35:50,009:INFO:Defining folds
2024-02-13 12:35:50,009:INFO:Declaring metric variables
2024-02-13 12:35:50,015:INFO:Importing untrained model
2024-02-13 12:35:50,020:INFO:Bayesian Ridge Imported successfully
2024-02-13 12:35:50,029:INFO:Starting cross validation
2024-02-13 12:35:50,029:INFO:Cross validating with KFold(n_splits=10, random_state=None, shuffle=False), n_jobs=-1
2024-02-13 12:35:50,157:INFO:Calculating mean and std
2024-02-13 12:35:50,157:INFO:Creating metrics dataframe
2024-02-13 12:35:50,157:INFO:Uploading results into container
2024-02-13 12:35:50,163:INFO:Uploading model into container now
2024-02-13 12:35:50,163:INFO:_master_model_container: 8
2024-02-13 12:35:50,163:INFO:_display_container: 2
2024-02-13 12:35:50,164:INFO:BayesianRidge()
2024-02-13 12:35:50,165:INFO:create_model() successfully completed......................................
2024-02-13 12:35:50,382:INFO:SubProcess create_model() end ==================================
2024-02-13 12:35:50,382:INFO:Creating metrics dataframe
2024-02-13 12:35:50,382:INFO:Initializing Passive Aggressive Regressor
2024-02-13 12:35:50,382:INFO:Total runtime is 0.19171944459279383 minutes
2024-02-13 12:35:50,397:INFO:SubProcess create_model() called ==================================
2024-02-13 12:35:50,399:INFO:Initializing create_model()
2024-02-13 12:35:50,399:INFO:create_model(self=<pycaret.regression.oop.RegressionExperiment object at 0x00000239D2ED01D0>, estimator=par, fold=KFold(n_splits=10, random_state=None, shuffle=False), round=4, cross_validation=True, predict=True, fit_kwargs={}, groups=None, refit=False, probability_threshold=None, experiment_custom_tags=None, verbose=False, system=False, add_to_model_list=True, metrics=None, display=<pycaret.internal.display.display.CommonDisplay object at 0x00000239E20D8350>, model_only=True, return_train_score=False, error_score=0.0, kwargs={})
2024-02-13 12:35:50,399:INFO:Checking exceptions
2024-02-13 12:35:50,399:INFO:Importing libraries
2024-02-13 12:35:50,399:INFO:Copying training dataset
2024-02-13 12:35:50,404:INFO:Defining folds
2024-02-13 12:35:50,404:INFO:Declaring metric variables
2024-02-13 12:35:50,407:INFO:Importing untrained model
2024-02-13 12:35:50,412:INFO:Passive Aggressive Regressor Imported successfully
2024-02-13 12:35:50,415:INFO:Starting cross validation
2024-02-13 12:35:50,418:INFO:Cross validating with KFold(n_splits=10, random_state=None, shuffle=False), n_jobs=-1
2024-02-13 12:35:50,521:INFO:Calculating mean and std
2024-02-13 12:35:50,521:INFO:Creating metrics dataframe
2024-02-13 12:35:50,521:INFO:Uploading results into container
2024-02-13 12:35:50,521:INFO:Uploading model into container now
2024-02-13 12:35:50,521:INFO:_master_model_container: 9
2024-02-13 12:35:50,521:INFO:_display_container: 2
2024-02-13 12:35:50,521:INFO:PassiveAggressiveRegressor(random_state=1555)
2024-02-13 12:35:50,521:INFO:create_model() successfully completed......................................
2024-02-13 12:35:50,766:INFO:SubProcess create_model() end ==================================
2024-02-13 12:35:50,766:INFO:Creating metrics dataframe
2024-02-13 12:35:50,778:INFO:Initializing Huber Regressor
2024-02-13 12:35:50,778:INFO:Total runtime is 0.19832107623418177 minutes
2024-02-13 12:35:50,778:INFO:SubProcess create_model() called ==================================
2024-02-13 12:35:50,778:INFO:Initializing create_model()
2024-02-13 12:35:50,778:INFO:create_model(self=<pycaret.regression.oop.RegressionExperiment object at 0x00000239D2ED01D0>, estimator=huber, fold=KFold(n_splits=10, random_state=None, shuffle=False), round=4, cross_validation=True, predict=True, fit_kwargs={}, groups=None, refit=False, probability_threshold=None, experiment_custom_tags=None, verbose=False, system=False, add_to_model_list=True, metrics=None, display=<pycaret.internal.display.display.CommonDisplay object at 0x00000239E20D8350>, model_only=True, return_train_score=False, error_score=0.0, kwargs={})
2024-02-13 12:35:50,778:INFO:Checking exceptions
2024-02-13 12:35:50,778:INFO:Importing libraries
2024-02-13 12:35:50,778:INFO:Copying training dataset
2024-02-13 12:35:50,790:INFO:Defining folds
2024-02-13 12:35:50,790:INFO:Declaring metric variables
2024-02-13 12:35:50,796:INFO:Importing untrained model
2024-02-13 12:35:50,799:INFO:Huber Regressor Imported successfully
2024-02-13 12:35:50,806:INFO:Starting cross validation
2024-02-13 12:35:50,807:INFO:Cross validating with KFold(n_splits=10, random_state=None, shuffle=False), n_jobs=-1
2024-02-13 12:35:50,946:INFO:Calculating mean and std
2024-02-13 12:35:50,949:INFO:Creating metrics dataframe
2024-02-13 12:35:50,951:INFO:Uploading results into container
2024-02-13 12:35:50,951:INFO:Uploading model into container now
2024-02-13 12:35:50,951:INFO:_master_model_container: 10
2024-02-13 12:35:50,952:INFO:_display_container: 2
2024-02-13 12:35:50,952:INFO:HuberRegressor()
2024-02-13 12:35:50,952:INFO:create_model() successfully completed......................................
2024-02-13 12:35:51,185:INFO:SubProcess create_model() end ==================================
2024-02-13 12:35:51,185:INFO:Creating metrics dataframe
2024-02-13 12:35:51,200:INFO:Initializing K Neighbors Regressor
2024-02-13 12:35:51,200:INFO:Total runtime is 0.20535002152125045 minutes
2024-02-13 12:35:51,204:INFO:SubProcess create_model() called ==================================
2024-02-13 12:35:51,204:INFO:Initializing create_model()
2024-02-13 12:35:51,206:INFO:create_model(self=<pycaret.regression.oop.RegressionExperiment object at 0x00000239D2ED01D0>, estimator=knn, fold=KFold(n_splits=10, random_state=None, shuffle=False), round=4, cross_validation=True, predict=True, fit_kwargs={}, groups=None, refit=False, probability_threshold=None, experiment_custom_tags=None, verbose=False, system=False, add_to_model_list=True, metrics=None, display=<pycaret.internal.display.display.CommonDisplay object at 0x00000239E20D8350>, model_only=True, return_train_score=False, error_score=0.0, kwargs={})
2024-02-13 12:35:51,206:INFO:Checking exceptions
2024-02-13 12:35:51,206:INFO:Importing libraries
2024-02-13 12:35:51,206:INFO:Copying training dataset
2024-02-13 12:35:51,211:INFO:Defining folds
2024-02-13 12:35:51,211:INFO:Declaring metric variables
2024-02-13 12:35:51,211:INFO:Importing untrained model
2024-02-13 12:35:51,218:INFO:K Neighbors Regressor Imported successfully
2024-02-13 12:35:51,227:INFO:Starting cross validation
2024-02-13 12:35:51,227:INFO:Cross validating with KFold(n_splits=10, random_state=None, shuffle=False), n_jobs=-1
2024-02-13 12:35:51,356:INFO:Calculating mean and std
2024-02-13 12:35:51,359:INFO:Creating metrics dataframe
2024-02-13 12:35:51,361:INFO:Uploading results into container
2024-02-13 12:35:51,361:INFO:Uploading model into container now
2024-02-13 12:35:51,361:INFO:_master_model_container: 11
2024-02-13 12:35:51,361:INFO:_display_container: 2
2024-02-13 12:35:51,361:INFO:KNeighborsRegressor(n_jobs=-1)
2024-02-13 12:35:51,361:INFO:create_model() successfully completed......................................
2024-02-13 12:35:51,541:INFO:SubProcess create_model() end ==================================
2024-02-13 12:35:51,541:INFO:Creating metrics dataframe
2024-02-13 12:35:51,556:INFO:Initializing Decision Tree Regressor
2024-02-13 12:35:51,556:INFO:Total runtime is 0.21128831307093307 minutes
2024-02-13 12:35:51,569:INFO:SubProcess create_model() called ==================================
2024-02-13 12:35:51,569:INFO:Initializing create_model()
2024-02-13 12:35:51,569:INFO:create_model(self=<pycaret.regression.oop.RegressionExperiment object at 0x00000239D2ED01D0>, estimator=dt, fold=KFold(n_splits=10, random_state=None, shuffle=False), round=4, cross_validation=True, predict=True, fit_kwargs={}, groups=None, refit=False, probability_threshold=None, experiment_custom_tags=None, verbose=False, system=False, add_to_model_list=True, metrics=None, display=<pycaret.internal.display.display.CommonDisplay object at 0x00000239E20D8350>, model_only=True, return_train_score=False, error_score=0.0, kwargs={})
2024-02-13 12:35:51,569:INFO:Checking exceptions
2024-02-13 12:35:51,569:INFO:Importing libraries
2024-02-13 12:35:51,569:INFO:Copying training dataset
2024-02-13 12:35:51,572:INFO:Defining folds
2024-02-13 12:35:51,572:INFO:Declaring metric variables
2024-02-13 12:35:51,577:INFO:Importing untrained model
2024-02-13 12:35:51,577:INFO:Decision Tree Regressor Imported successfully
2024-02-13 12:35:51,589:INFO:Starting cross validation
2024-02-13 12:35:51,593:INFO:Cross validating with KFold(n_splits=10, random_state=None, shuffle=False), n_jobs=-1
2024-02-13 12:35:51,715:INFO:Calculating mean and std
2024-02-13 12:35:51,715:INFO:Creating metrics dataframe
2024-02-13 12:35:51,719:INFO:Uploading results into container
2024-02-13 12:35:51,719:INFO:Uploading model into container now
2024-02-13 12:35:51,719:INFO:_master_model_container: 12
2024-02-13 12:35:51,719:INFO:_display_container: 2
2024-02-13 12:35:51,722:INFO:DecisionTreeRegressor(random_state=1555)
2024-02-13 12:35:51,722:INFO:create_model() successfully completed......................................
2024-02-13 12:35:51,927:INFO:SubProcess create_model() end ==================================
2024-02-13 12:35:51,927:INFO:Creating metrics dataframe
2024-02-13 12:35:51,927:INFO:Initializing Random Forest Regressor
2024-02-13 12:35:51,927:INFO:Total runtime is 0.21746509869893396 minutes
2024-02-13 12:35:51,942:INFO:SubProcess create_model() called ==================================
2024-02-13 12:35:51,942:INFO:Initializing create_model()
2024-02-13 12:35:51,942:INFO:create_model(self=<pycaret.regression.oop.RegressionExperiment object at 0x00000239D2ED01D0>, estimator=rf, fold=KFold(n_splits=10, random_state=None, shuffle=False), round=4, cross_validation=True, predict=True, fit_kwargs={}, groups=None, refit=False, probability_threshold=None, experiment_custom_tags=None, verbose=False, system=False, add_to_model_list=True, metrics=None, display=<pycaret.internal.display.display.CommonDisplay object at 0x00000239E20D8350>, model_only=True, return_train_score=False, error_score=0.0, kwargs={})
2024-02-13 12:35:51,942:INFO:Checking exceptions
2024-02-13 12:35:51,942:INFO:Importing libraries
2024-02-13 12:35:51,942:INFO:Copying training dataset
2024-02-13 12:35:51,951:INFO:Defining folds
2024-02-13 12:35:51,951:INFO:Declaring metric variables
2024-02-13 12:35:51,956:INFO:Importing untrained model
2024-02-13 12:35:51,959:INFO:Random Forest Regressor Imported successfully
2024-02-13 12:35:51,967:INFO:Starting cross validation
2024-02-13 12:35:51,967:INFO:Cross validating with KFold(n_splits=10, random_state=None, shuffle=False), n_jobs=-1
2024-02-13 12:35:52,848:INFO:Calculating mean and std
2024-02-13 12:35:52,848:INFO:Creating metrics dataframe
2024-02-13 12:35:52,857:INFO:Uploading results into container
2024-02-13 12:35:52,857:INFO:Uploading model into container now
2024-02-13 12:35:52,857:INFO:_master_model_container: 13
2024-02-13 12:35:52,857:INFO:_display_container: 2
2024-02-13 12:35:52,859:INFO:RandomForestRegressor(n_jobs=-1, random_state=1555)
2024-02-13 12:35:52,859:INFO:create_model() successfully completed......................................
2024-02-13 12:35:53,054:INFO:SubProcess create_model() end ==================================
2024-02-13 12:35:53,054:INFO:Creating metrics dataframe
2024-02-13 12:35:53,070:INFO:Initializing Extra Trees Regressor
2024-02-13 12:35:53,070:INFO:Total runtime is 0.23651597499847415 minutes
2024-02-13 12:35:53,070:INFO:SubProcess create_model() called ==================================
2024-02-13 12:35:53,070:INFO:Initializing create_model()
2024-02-13 12:35:53,070:INFO:create_model(self=<pycaret.regression.oop.RegressionExperiment object at 0x00000239D2ED01D0>, estimator=et, fold=KFold(n_splits=10, random_state=None, shuffle=False), round=4, cross_validation=True, predict=True, fit_kwargs={}, groups=None, refit=False, probability_threshold=None, experiment_custom_tags=None, verbose=False, system=False, add_to_model_list=True, metrics=None, display=<pycaret.internal.display.display.CommonDisplay object at 0x00000239E20D8350>, model_only=True, return_train_score=False, error_score=0.0, kwargs={})
2024-02-13 12:35:53,070:INFO:Checking exceptions
2024-02-13 12:35:53,070:INFO:Importing libraries
2024-02-13 12:35:53,070:INFO:Copying training dataset
2024-02-13 12:35:53,084:INFO:Defining folds
2024-02-13 12:35:53,089:INFO:Declaring metric variables
2024-02-13 12:35:53,092:INFO:Importing untrained model
2024-02-13 12:35:53,092:INFO:Extra Trees Regressor Imported successfully
2024-02-13 12:35:53,106:INFO:Starting cross validation
2024-02-13 12:35:53,106:INFO:Cross validating with KFold(n_splits=10, random_state=None, shuffle=False), n_jobs=-1
2024-02-13 12:35:53,741:INFO:Calculating mean and std
2024-02-13 12:35:53,741:INFO:Creating metrics dataframe
2024-02-13 12:35:53,741:INFO:Uploading results into container
2024-02-13 12:35:53,741:INFO:Uploading model into container now
2024-02-13 12:35:53,741:INFO:_master_model_container: 14
2024-02-13 12:35:53,741:INFO:_display_container: 2
2024-02-13 12:35:53,741:INFO:ExtraTreesRegressor(n_jobs=-1, random_state=1555)
2024-02-13 12:35:53,741:INFO:create_model() successfully completed......................................
2024-02-13 12:35:53,945:INFO:SubProcess create_model() end ==================================
2024-02-13 12:35:53,945:INFO:Creating metrics dataframe
2024-02-13 12:35:53,961:INFO:Initializing AdaBoost Regressor
2024-02-13 12:35:53,961:INFO:Total runtime is 0.25137182474136355 minutes
2024-02-13 12:35:53,961:INFO:SubProcess create_model() called ==================================
2024-02-13 12:35:53,961:INFO:Initializing create_model()
2024-02-13 12:35:53,961:INFO:create_model(self=<pycaret.regression.oop.RegressionExperiment object at 0x00000239D2ED01D0>, estimator=ada, fold=KFold(n_splits=10, random_state=None, shuffle=False), round=4, cross_validation=True, predict=True, fit_kwargs={}, groups=None, refit=False, probability_threshold=None, experiment_custom_tags=None, verbose=False, system=False, add_to_model_list=True, metrics=None, display=<pycaret.internal.display.display.CommonDisplay object at 0x00000239E20D8350>, model_only=True, return_train_score=False, error_score=0.0, kwargs={})
2024-02-13 12:35:53,961:INFO:Checking exceptions
2024-02-13 12:35:53,961:INFO:Importing libraries
2024-02-13 12:35:53,961:INFO:Copying training dataset
2024-02-13 12:35:53,972:INFO:Defining folds
2024-02-13 12:35:53,972:INFO:Declaring metric variables
2024-02-13 12:35:53,980:INFO:Importing untrained model
2024-02-13 12:35:53,980:INFO:AdaBoost Regressor Imported successfully
2024-02-13 12:35:53,989:INFO:Starting cross validation
2024-02-13 12:35:53,993:INFO:Cross validating with KFold(n_splits=10, random_state=None, shuffle=False), n_jobs=-1
2024-02-13 12:35:54,169:INFO:Calculating mean and std
2024-02-13 12:35:54,177:INFO:Creating metrics dataframe
2024-02-13 12:35:54,177:INFO:Uploading results into container
2024-02-13 12:35:54,181:INFO:Uploading model into container now
2024-02-13 12:35:54,181:INFO:_master_model_container: 15
2024-02-13 12:35:54,181:INFO:_display_container: 2
2024-02-13 12:35:54,181:INFO:AdaBoostRegressor(random_state=1555)
2024-02-13 12:35:54,181:INFO:create_model() successfully completed......................................
2024-02-13 12:35:54,379:INFO:SubProcess create_model() end ==================================
2024-02-13 12:35:54,379:INFO:Creating metrics dataframe
2024-02-13 12:35:54,394:INFO:Initializing Gradient Boosting Regressor
2024-02-13 12:35:54,394:INFO:Total runtime is 0.2585852305094401 minutes
2024-02-13 12:35:54,394:INFO:SubProcess create_model() called ==================================
2024-02-13 12:35:54,394:INFO:Initializing create_model()
2024-02-13 12:35:54,394:INFO:create_model(self=<pycaret.regression.oop.RegressionExperiment object at 0x00000239D2ED01D0>, estimator=gbr, fold=KFold(n_splits=10, random_state=None, shuffle=False), round=4, cross_validation=True, predict=True, fit_kwargs={}, groups=None, refit=False, probability_threshold=None, experiment_custom_tags=None, verbose=False, system=False, add_to_model_list=True, metrics=None, display=<pycaret.internal.display.display.CommonDisplay object at 0x00000239E20D8350>, model_only=True, return_train_score=False, error_score=0.0, kwargs={})
2024-02-13 12:35:54,394:INFO:Checking exceptions
2024-02-13 12:35:54,394:INFO:Importing libraries
2024-02-13 12:35:54,394:INFO:Copying training dataset
2024-02-13 12:35:54,406:INFO:Defining folds
2024-02-13 12:35:54,406:INFO:Declaring metric variables
2024-02-13 12:35:54,406:INFO:Importing untrained model
2024-02-13 12:35:54,415:INFO:Gradient Boosting Regressor Imported successfully
2024-02-13 12:35:54,422:INFO:Starting cross validation
2024-02-13 12:35:54,422:INFO:Cross validating with KFold(n_splits=10, random_state=None, shuffle=False), n_jobs=-1
2024-02-13 12:35:54,751:INFO:Calculating mean and std
2024-02-13 12:35:54,751:INFO:Creating metrics dataframe
2024-02-13 12:35:54,751:INFO:Uploading results into container
2024-02-13 12:35:54,751:INFO:Uploading model into container now
2024-02-13 12:35:54,767:INFO:_master_model_container: 16
2024-02-13 12:35:54,767:INFO:_display_container: 2
2024-02-13 12:35:54,767:INFO:GradientBoostingRegressor(random_state=1555)
2024-02-13 12:35:54,767:INFO:create_model() successfully completed......................................
2024-02-13 12:35:54,964:INFO:SubProcess create_model() end ==================================
2024-02-13 12:35:54,964:INFO:Creating metrics dataframe
2024-02-13 12:35:54,980:INFO:Initializing Extreme Gradient Boosting
2024-02-13 12:35:54,980:INFO:Total runtime is 0.2683470765749613 minutes
2024-02-13 12:35:54,989:INFO:SubProcess create_model() called ==================================
2024-02-13 12:35:54,989:INFO:Initializing create_model()
2024-02-13 12:35:54,989:INFO:create_model(self=<pycaret.regression.oop.RegressionExperiment object at 0x00000239D2ED01D0>, estimator=xgboost, fold=KFold(n_splits=10, random_state=None, shuffle=False), round=4, cross_validation=True, predict=True, fit_kwargs={}, groups=None, refit=False, probability_threshold=None, experiment_custom_tags=None, verbose=False, system=False, add_to_model_list=True, metrics=None, display=<pycaret.internal.display.display.CommonDisplay object at 0x00000239E20D8350>, model_only=True, return_train_score=False, error_score=0.0, kwargs={})
2024-02-13 12:35:54,989:INFO:Checking exceptions
2024-02-13 12:35:54,989:INFO:Importing libraries
2024-02-13 12:35:54,989:INFO:Copying training dataset
2024-02-13 12:35:54,999:INFO:Defining folds
2024-02-13 12:35:54,999:INFO:Declaring metric variables
2024-02-13 12:35:55,006:INFO:Importing untrained model
2024-02-13 12:35:55,014:INFO:Extreme Gradient Boosting Imported successfully
2024-02-13 12:35:55,015:INFO:Starting cross validation
2024-02-13 12:35:55,022:INFO:Cross validating with KFold(n_splits=10, random_state=None, shuffle=False), n_jobs=-1
2024-02-13 12:35:55,389:INFO:Calculating mean and std
2024-02-13 12:35:55,390:INFO:Creating metrics dataframe
2024-02-13 12:35:55,390:INFO:Uploading results into container
2024-02-13 12:35:55,390:INFO:Uploading model into container now
2024-02-13 12:35:55,390:INFO:_master_model_container: 17
2024-02-13 12:35:55,396:INFO:_display_container: 2
2024-02-13 12:35:55,397:INFO:XGBRegressor(base_score=None, booster='gbtree', callbacks=None,
             colsample_bylevel=None, colsample_bynode=None,
             colsample_bytree=None, device='cpu', early_stopping_rounds=None,
             enable_categorical=False, eval_metric=None, feature_types=None,
             gamma=None, grow_policy=None, importance_type=None,
             interaction_constraints=None, learning_rate=None, max_bin=None,
             max_cat_threshold=None, max_cat_to_onehot=None,
             max_delta_step=None, max_depth=None, max_leaves=None,
             min_child_weight=None, missing=nan, monotone_constraints=None,
             multi_strategy=None, n_estimators=None, n_jobs=-1,
             num_parallel_tree=None, random_state=1555, ...)
2024-02-13 12:35:55,397:INFO:create_model() successfully completed......................................
2024-02-13 12:35:55,621:INFO:SubProcess create_model() end ==================================
2024-02-13 12:35:55,621:INFO:Creating metrics dataframe
2024-02-13 12:35:55,630:INFO:Initializing Light Gradient Boosting Machine
2024-02-13 12:35:55,630:INFO:Total runtime is 0.27917834122975665 minutes
2024-02-13 12:35:55,639:INFO:SubProcess create_model() called ==================================
2024-02-13 12:35:55,639:INFO:Initializing create_model()
2024-02-13 12:35:55,639:INFO:create_model(self=<pycaret.regression.oop.RegressionExperiment object at 0x00000239D2ED01D0>, estimator=lightgbm, fold=KFold(n_splits=10, random_state=None, shuffle=False), round=4, cross_validation=True, predict=True, fit_kwargs={}, groups=None, refit=False, probability_threshold=None, experiment_custom_tags=None, verbose=False, system=False, add_to_model_list=True, metrics=None, display=<pycaret.internal.display.display.CommonDisplay object at 0x00000239E20D8350>, model_only=True, return_train_score=False, error_score=0.0, kwargs={})
2024-02-13 12:35:55,639:INFO:Checking exceptions
2024-02-13 12:35:55,639:INFO:Importing libraries
2024-02-13 12:35:55,640:INFO:Copying training dataset
2024-02-13 12:35:55,641:INFO:Defining folds
2024-02-13 12:35:55,641:INFO:Declaring metric variables
2024-02-13 12:35:55,645:INFO:Importing untrained model
2024-02-13 12:35:55,650:INFO:Light Gradient Boosting Machine Imported successfully
2024-02-13 12:35:55,658:INFO:Starting cross validation
2024-02-13 12:35:55,660:INFO:Cross validating with KFold(n_splits=10, random_state=None, shuffle=False), n_jobs=-1
2024-02-13 12:35:56,470:INFO:Calculating mean and std
2024-02-13 12:35:56,472:INFO:Creating metrics dataframe
2024-02-13 12:35:56,474:INFO:Uploading results into container
2024-02-13 12:35:56,475:INFO:Uploading model into container now
2024-02-13 12:35:56,475:INFO:_master_model_container: 18
2024-02-13 12:35:56,475:INFO:_display_container: 2
2024-02-13 12:35:56,476:INFO:LGBMRegressor(n_jobs=-1, random_state=1555)
2024-02-13 12:35:56,476:INFO:create_model() successfully completed......................................
2024-02-13 12:35:56,682:INFO:SubProcess create_model() end ==================================
2024-02-13 12:35:56,682:INFO:Creating metrics dataframe
2024-02-13 12:35:56,698:INFO:Initializing CatBoost Regressor
2024-02-13 12:35:56,698:INFO:Total runtime is 0.2969843029975891 minutes
2024-02-13 12:35:56,710:INFO:SubProcess create_model() called ==================================
2024-02-13 12:35:56,710:INFO:Initializing create_model()
2024-02-13 12:35:56,710:INFO:create_model(self=<pycaret.regression.oop.RegressionExperiment object at 0x00000239D2ED01D0>, estimator=catboost, fold=KFold(n_splits=10, random_state=None, shuffle=False), round=4, cross_validation=True, predict=True, fit_kwargs={}, groups=None, refit=False, probability_threshold=None, experiment_custom_tags=None, verbose=False, system=False, add_to_model_list=True, metrics=None, display=<pycaret.internal.display.display.CommonDisplay object at 0x00000239E20D8350>, model_only=True, return_train_score=False, error_score=0.0, kwargs={})
2024-02-13 12:35:56,710:INFO:Checking exceptions
2024-02-13 12:35:56,710:INFO:Importing libraries
2024-02-13 12:35:56,710:INFO:Copying training dataset
2024-02-13 12:35:56,717:INFO:Defining folds
2024-02-13 12:35:56,717:INFO:Declaring metric variables
2024-02-13 12:35:56,718:INFO:Importing untrained model
2024-02-13 12:35:56,726:INFO:CatBoost Regressor Imported successfully
2024-02-13 12:35:56,733:INFO:Starting cross validation
2024-02-13 12:35:56,733:INFO:Cross validating with KFold(n_splits=10, random_state=None, shuffle=False), n_jobs=-1
2024-02-13 12:36:02,129:INFO:Calculating mean and std
2024-02-13 12:36:02,129:INFO:Creating metrics dataframe
2024-02-13 12:36:02,129:INFO:Uploading results into container
2024-02-13 12:36:02,129:INFO:Uploading model into container now
2024-02-13 12:36:02,129:INFO:_master_model_container: 19
2024-02-13 12:36:02,129:INFO:_display_container: 2
2024-02-13 12:36:02,129:INFO:<catboost.core.CatBoostRegressor object at 0x00000239E1F73690>
2024-02-13 12:36:02,129:INFO:create_model() successfully completed......................................
2024-02-13 12:36:02,324:INFO:SubProcess create_model() end ==================================
2024-02-13 12:36:02,324:INFO:Creating metrics dataframe
2024-02-13 12:36:02,336:INFO:Initializing Dummy Regressor
2024-02-13 12:36:02,336:INFO:Total runtime is 0.3909496545791626 minutes
2024-02-13 12:36:02,348:INFO:SubProcess create_model() called ==================================
2024-02-13 12:36:02,348:INFO:Initializing create_model()
2024-02-13 12:36:02,348:INFO:create_model(self=<pycaret.regression.oop.RegressionExperiment object at 0x00000239D2ED01D0>, estimator=dummy, fold=KFold(n_splits=10, random_state=None, shuffle=False), round=4, cross_validation=True, predict=True, fit_kwargs={}, groups=None, refit=False, probability_threshold=None, experiment_custom_tags=None, verbose=False, system=False, add_to_model_list=True, metrics=None, display=<pycaret.internal.display.display.CommonDisplay object at 0x00000239E20D8350>, model_only=True, return_train_score=False, error_score=0.0, kwargs={})
2024-02-13 12:36:02,348:INFO:Checking exceptions
2024-02-13 12:36:02,348:INFO:Importing libraries
2024-02-13 12:36:02,348:INFO:Copying training dataset
2024-02-13 12:36:02,351:INFO:Defining folds
2024-02-13 12:36:02,351:INFO:Declaring metric variables
2024-02-13 12:36:02,357:INFO:Importing untrained model
2024-02-13 12:36:02,362:INFO:Dummy Regressor Imported successfully
2024-02-13 12:36:02,368:INFO:Starting cross validation
2024-02-13 12:36:02,370:INFO:Cross validating with KFold(n_splits=10, random_state=None, shuffle=False), n_jobs=-1
2024-02-13 12:36:02,447:INFO:Calculating mean and std
2024-02-13 12:36:02,447:INFO:Creating metrics dataframe
2024-02-13 12:36:02,456:INFO:Uploading results into container
2024-02-13 12:36:02,456:INFO:Uploading model into container now
2024-02-13 12:36:02,456:INFO:_master_model_container: 20
2024-02-13 12:36:02,456:INFO:_display_container: 2
2024-02-13 12:36:02,456:INFO:DummyRegressor()
2024-02-13 12:36:02,456:INFO:create_model() successfully completed......................................
2024-02-13 12:36:02,649:INFO:SubProcess create_model() end ==================================
2024-02-13 12:36:02,649:INFO:Creating metrics dataframe
2024-02-13 12:36:02,667:INFO:Initializing create_model()
2024-02-13 12:36:02,667:INFO:create_model(self=<pycaret.regression.oop.RegressionExperiment object at 0x00000239D2ED01D0>, estimator=GradientBoostingRegressor(random_state=1555), fold=KFold(n_splits=10, random_state=None, shuffle=False), round=4, cross_validation=False, predict=False, fit_kwargs={}, groups=None, refit=True, probability_threshold=None, experiment_custom_tags=None, verbose=False, system=False, add_to_model_list=True, metrics=None, display=None, model_only=True, return_train_score=False, error_score=0.0, kwargs={})
2024-02-13 12:36:02,667:INFO:Checking exceptions
2024-02-13 12:36:02,674:INFO:Importing libraries
2024-02-13 12:36:02,674:INFO:Copying training dataset
2024-02-13 12:36:02,677:INFO:Defining folds
2024-02-13 12:36:02,677:INFO:Declaring metric variables
2024-02-13 12:36:02,677:INFO:Importing untrained model
2024-02-13 12:36:02,677:INFO:Declaring custom model
2024-02-13 12:36:02,677:INFO:Gradient Boosting Regressor Imported successfully
2024-02-13 12:36:02,677:INFO:Cross validation set to False
2024-02-13 12:36:02,677:INFO:Fitting Model
2024-02-13 12:36:02,810:INFO:GradientBoostingRegressor(random_state=1555)
2024-02-13 12:36:02,810:INFO:create_model() successfully completed......................................
2024-02-13 12:36:03,035:INFO:_master_model_container: 20
2024-02-13 12:36:03,035:INFO:_display_container: 2
2024-02-13 12:36:03,035:INFO:GradientBoostingRegressor(random_state=1555)
2024-02-13 12:36:03,035:INFO:compare_models() successfully completed......................................
2024-02-13 12:36:03,040:INFO:Initializing create_model()
2024-02-13 12:36:03,040:INFO:create_model(self=<pycaret.regression.oop.RegressionExperiment object at 0x00000239D2ED01D0>, estimator=catboost, fold=None, round=4, cross_validation=True, predict=True, fit_kwargs=None, groups=None, refit=True, probability_threshold=None, experiment_custom_tags=None, verbose=True, system=True, add_to_model_list=True, metrics=None, display=None, model_only=True, return_train_score=False, error_score=0.0, kwargs={})
2024-02-13 12:36:03,040:INFO:Checking exceptions
2024-02-13 12:36:03,059:INFO:Importing libraries
2024-02-13 12:36:03,059:INFO:Copying training dataset
2024-02-13 12:36:03,067:INFO:Defining folds
2024-02-13 12:36:03,067:INFO:Declaring metric variables
2024-02-13 12:36:03,070:INFO:Importing untrained model
2024-02-13 12:36:03,075:INFO:CatBoost Regressor Imported successfully
2024-02-13 12:36:03,081:INFO:Starting cross validation
2024-02-13 12:36:03,084:INFO:Cross validating with KFold(n_splits=10, random_state=None, shuffle=False), n_jobs=-1
2024-02-13 12:36:07,469:INFO:Calculating mean and std
2024-02-13 12:36:07,485:INFO:Creating metrics dataframe
2024-02-13 12:36:07,485:INFO:Finalizing model
2024-02-13 12:36:08,541:INFO:Uploading results into container
2024-02-13 12:36:08,541:INFO:Uploading model into container now
2024-02-13 12:36:08,561:INFO:_master_model_container: 21
2024-02-13 12:36:08,561:INFO:_display_container: 3
2024-02-13 12:36:08,561:INFO:<catboost.core.CatBoostRegressor object at 0x00000239E1C42D10>
2024-02-13 12:36:08,561:INFO:create_model() successfully completed......................................
2024-02-13 12:36:08,762:INFO:Initializing tune_model()
2024-02-13 12:36:08,762:INFO:tune_model(self=<pycaret.regression.oop.RegressionExperiment object at 0x00000239D2ED01D0>, estimator=<catboost.core.CatBoostRegressor object at 0x00000239E1C42D10>, fold=None, round=4, n_iter=10, custom_grid=None, optimize=R2, custom_scorer=None, search_library=scikit-learn, search_algorithm=None, early_stopping=False, early_stopping_max_iters=10, choose_better=True, fit_kwargs=None, groups=None, return_tuner=False, verbose=True, tuner_verbose=True, return_train_score=False, kwargs={})
2024-02-13 12:36:08,762:INFO:Checking exceptions
2024-02-13 12:36:08,782:INFO:Copying training dataset
2024-02-13 12:36:08,789:INFO:Checking base model
2024-02-13 12:36:08,789:INFO:Base model : CatBoost Regressor
2024-02-13 12:36:08,797:INFO:Declaring metric variables
2024-02-13 12:36:08,801:INFO:Defining Hyperparameters
2024-02-13 12:36:09,013:INFO:Tuning with n_jobs=-1
2024-02-13 12:36:09,013:INFO:Initializing RandomizedSearchCV
2024-02-13 12:36:24,325:INFO:best_params: {'actual_estimator__random_strength': 0.5, 'actual_estimator__n_estimators': 80, 'actual_estimator__l2_leaf_reg': 9, 'actual_estimator__eta': 0.3, 'actual_estimator__depth': 3}
2024-02-13 12:36:24,325:INFO:Hyperparameter search completed
2024-02-13 12:36:24,325:INFO:SubProcess create_model() called ==================================
2024-02-13 12:36:24,325:INFO:Initializing create_model()
2024-02-13 12:36:24,325:INFO:create_model(self=<pycaret.regression.oop.RegressionExperiment object at 0x00000239D2ED01D0>, estimator=<catboost.core.CatBoostRegressor object at 0x00000239E19A1C50>, fold=KFold(n_splits=10, random_state=None, shuffle=False), round=4, cross_validation=True, predict=True, fit_kwargs={}, groups=None, refit=True, probability_threshold=None, experiment_custom_tags=None, verbose=True, system=False, add_to_model_list=True, metrics=None, display=<pycaret.internal.display.display.CommonDisplay object at 0x00000239D2DF3C50>, model_only=True, return_train_score=False, error_score=0.0, kwargs={'random_strength': 0.5, 'n_estimators': 80, 'l2_leaf_reg': 9, 'eta': 0.3, 'depth': 3})
2024-02-13 12:36:24,325:INFO:Checking exceptions
2024-02-13 12:36:24,325:INFO:Importing libraries
2024-02-13 12:36:24,325:INFO:Copying training dataset
2024-02-13 12:36:24,339:INFO:Defining folds
2024-02-13 12:36:24,339:INFO:Declaring metric variables
2024-02-13 12:36:24,343:INFO:Importing untrained model
2024-02-13 12:36:24,344:INFO:Declaring custom model
2024-02-13 12:36:24,345:INFO:CatBoost Regressor Imported successfully
2024-02-13 12:36:24,356:INFO:Starting cross validation
2024-02-13 12:36:24,358:INFO:Cross validating with KFold(n_splits=10, random_state=None, shuffle=False), n_jobs=-1
2024-02-13 12:36:24,708:INFO:Calculating mean and std
2024-02-13 12:36:24,714:INFO:Creating metrics dataframe
2024-02-13 12:36:24,714:INFO:Finalizing model
2024-02-13 12:36:24,804:INFO:Uploading results into container
2024-02-13 12:36:24,806:INFO:Uploading model into container now
2024-02-13 12:36:24,806:INFO:_master_model_container: 22
2024-02-13 12:36:24,806:INFO:_display_container: 4
2024-02-13 12:36:24,806:INFO:<catboost.core.CatBoostRegressor object at 0x00000239E1990650>
2024-02-13 12:36:24,806:INFO:create_model() successfully completed......................................
2024-02-13 12:36:25,018:INFO:SubProcess create_model() end ==================================
2024-02-13 12:36:25,018:INFO:choose_better activated
2024-02-13 12:36:25,022:INFO:SubProcess create_model() called ==================================
2024-02-13 12:36:25,022:INFO:Initializing create_model()
2024-02-13 12:36:25,026:INFO:create_model(self=<pycaret.regression.oop.RegressionExperiment object at 0x00000239D2ED01D0>, estimator=<catboost.core.CatBoostRegressor object at 0x00000239E1C42D10>, fold=KFold(n_splits=10, random_state=None, shuffle=False), round=4, cross_validation=True, predict=True, fit_kwargs={}, groups=None, refit=True, probability_threshold=None, experiment_custom_tags=None, verbose=False, system=False, add_to_model_list=True, metrics=None, display=None, model_only=True, return_train_score=False, error_score=0.0, kwargs={})
2024-02-13 12:36:25,026:INFO:Checking exceptions
2024-02-13 12:36:25,026:INFO:Importing libraries
2024-02-13 12:36:25,026:INFO:Copying training dataset
2024-02-13 12:36:25,029:INFO:Defining folds
2024-02-13 12:36:25,029:INFO:Declaring metric variables
2024-02-13 12:36:25,029:INFO:Importing untrained model
2024-02-13 12:36:25,029:INFO:Declaring custom model
2024-02-13 12:36:25,029:INFO:CatBoost Regressor Imported successfully
2024-02-13 12:36:25,032:INFO:Starting cross validation
2024-02-13 12:36:25,032:INFO:Cross validating with KFold(n_splits=10, random_state=None, shuffle=False), n_jobs=-1
2024-02-13 12:36:28,952:INFO:Calculating mean and std
2024-02-13 12:36:28,952:INFO:Creating metrics dataframe
2024-02-13 12:36:28,952:INFO:Finalizing model
2024-02-13 12:36:29,973:INFO:Uploading results into container
2024-02-13 12:36:29,973:INFO:Uploading model into container now
2024-02-13 12:36:29,973:INFO:_master_model_container: 23
2024-02-13 12:36:29,973:INFO:_display_container: 5
2024-02-13 12:36:29,973:INFO:<catboost.core.CatBoostRegressor object at 0x00000239E19D6F10>
2024-02-13 12:36:29,973:INFO:create_model() successfully completed......................................
2024-02-13 12:36:30,196:INFO:SubProcess create_model() end ==================================
2024-02-13 12:36:30,196:INFO:<catboost.core.CatBoostRegressor object at 0x00000239E19D6F10> result for R2 is 0.3662
2024-02-13 12:36:30,196:INFO:<catboost.core.CatBoostRegressor object at 0x00000239E1990650> result for R2 is 0.4025
2024-02-13 12:36:30,196:INFO:<catboost.core.CatBoostRegressor object at 0x00000239E1990650> is best model
2024-02-13 12:36:30,196:INFO:choose_better completed
2024-02-13 12:36:30,212:INFO:_master_model_container: 23
2024-02-13 12:36:30,212:INFO:_display_container: 4
2024-02-13 12:36:30,220:INFO:<catboost.core.CatBoostRegressor object at 0x00000239E1990650>
2024-02-13 12:36:30,220:INFO:tune_model() successfully completed......................................
2024-02-13 12:36:30,454:INFO:Initializing plot_model()
2024-02-13 12:36:30,454:INFO:plot_model(self=<pycaret.regression.oop.RegressionExperiment object at 0x00000239D2ED01D0>, estimator=<catboost.core.CatBoostRegressor object at 0x00000239E1C42D10>, plot=error, scale=1, save=False, fold=None, fit_kwargs=None, plot_kwargs=None, groups=None, feature_name=None, label=False, verbose=True, system=True, display=None, display_format=None)
2024-02-13 12:36:30,454:INFO:Checking exceptions
2024-02-13 12:36:30,460:INFO:Preloading libraries
2024-02-13 12:36:30,464:INFO:Copying training dataset
2024-02-13 12:36:30,464:INFO:Plot type: error
2024-02-13 12:36:30,577:INFO:Fitting Model
2024-02-13 12:36:30,592:INFO:Scoring test/hold-out set
2024-02-13 12:36:31,064:INFO:Visual Rendered Successfully
2024-02-13 12:36:31,298:INFO:plot_model() successfully completed......................................
2024-02-13 12:36:31,307:INFO:Initializing plot_model()
2024-02-13 12:36:31,307:INFO:plot_model(self=<pycaret.regression.oop.RegressionExperiment object at 0x00000239D2ED01D0>, estimator=<catboost.core.CatBoostRegressor object at 0x00000239E1C42D10>, plot=feature, scale=1, save=False, fold=None, fit_kwargs=None, plot_kwargs=None, groups=None, feature_name=None, label=False, verbose=True, system=True, display=None, display_format=None)
2024-02-13 12:36:31,307:INFO:Checking exceptions
2024-02-13 12:36:31,310:INFO:Preloading libraries
2024-02-13 12:36:31,315:INFO:Copying training dataset
2024-02-13 12:36:31,315:INFO:Plot type: feature
2024-02-13 12:36:31,315:WARNING:No coef_ found. Trying feature_importances_
2024-02-13 12:36:31,569:INFO:Visual Rendered Successfully
2024-02-13 12:36:31,832:INFO:plot_model() successfully completed......................................
